Mplus VERSION 8.3
MUTHEN & MUTHEN
10/28/2024   5:49 PM

INPUT INSTRUCTIONS


  DATA: FILE IS 瑞文眼动.txt;


  VARIABLE: NAMES ARE
                      subject d1-d9 d_score span1-span3 wmc r_score w_score;
  	

            USEVARIABLE = d_score d4 d5 d9 span1-span3;

            Missing are all(99);

  ANALYSIS:
       BOOTSTRAP=1000;

  MODEL:
  	str by d4 d5 d9;
  	wmc by span1-span3;

  	str on wmc;

  	d_score on str wmc;

  MODEL INDIRECT:


       d_score IND str wmc;


  OUTPUT: standardized CINTERVAL(BOOTSTRAP);




INPUT READING TERMINATED NORMALLY




SUMMARY OF ANALYSIS

Number of groups                                                 1
Number of observations                                          82

Number of dependent variables                                    7
Number of independent variables                                  0
Number of continuous latent variables                            2

Observed dependent variables

  Continuous
   D_SCORE     D4          D5          D9          SPAN1       SPAN2
   SPAN3

Continuous latent variables
   STR         WMC


Estimator                                                       ML
Information matrix                                        OBSERVED
Maximum number of iterations                                  1000
Convergence criterion                                    0.500D-04
Maximum number of steepest descent iterations                   20
Maximum number of iterations for H1                           2000
Convergence criterion for H1                             0.100D-03
Number of bootstrap draws
    Requested                                                 1000
    Completed                                                  995

Input data file(s)
  瑞文眼动.txt

Input data format  FREE


SUMMARY OF DATA

     Number of missing data patterns             1


COVARIANCE COVERAGE OF DATA

Minimum covariance coverage value   0.100


     PROPORTION OF DATA PRESENT


           Covariance Coverage
              D_SCORE       D4            D5            D9            SPAN1
              ________      ________      ________      ________      ________
 D_SCORE        1.000
 D4             1.000         1.000
 D5             1.000         1.000         1.000
 D9             1.000         1.000         1.000         1.000
 SPAN1          1.000         1.000         1.000         1.000         1.000
 SPAN2          1.000         1.000         1.000         1.000         1.000
 SPAN3          1.000         1.000         1.000         1.000         1.000


           Covariance Coverage
              SPAN2         SPAN3
              ________      ________
 SPAN2          1.000
 SPAN3          1.000         1.000



UNIVARIATE SAMPLE STATISTICS


     UNIVARIATE HIGHER-ORDER MOMENT DESCRIPTIVE STATISTICS

         Variable/         Mean/     Skewness/   Minimum/ % with                Percentiles
        Sample Size      Variance    Kurtosis    Maximum  Min/Max      20%/60%    40%/80%    Median

     D_SCORE               5.280      -0.663       0.000    2.44%       3.000      6.000      6.000
              82.000       4.251      -0.292       9.000    3.66%       6.000      7.000
     D4                    0.786      -0.423       0.641    1.22%       0.749      0.774      0.786
              82.000       0.002       0.376       0.884    1.22%       0.799      0.824
     D5                    0.186       0.491       0.091    1.22%       0.147      0.171      0.184
              82.000       0.002       0.131       0.313    1.22%       0.192      0.222
     D9                    0.286       0.866       0.136    1.22%       0.217      0.247      0.261
              82.000       0.007       0.368       0.521    1.22%       0.289      0.350
     SPAN1                46.657      -0.721      26.000    2.44%      40.000     46.000     47.168
              82.000      49.506       0.335      58.000    2.44%      48.000     53.000
     SPAN2                25.821      -0.440       6.000    1.22%      20.000     25.000     26.000
              82.000      36.128       0.314      40.000    1.22%      28.000     31.000
     SPAN3                47.876      -0.463      25.000    1.22%      41.000     47.000     47.976
              82.000      62.253      -0.247      60.000    6.10%      50.000     56.000


THE MODEL ESTIMATION TERMINATED NORMALLY



MODEL FIT INFORMATION

Number of Free Parameters                       23

Loglikelihood

          H0 Value                        -552.521
          H1 Value                        -546.813

Information Criteria

          Akaike (AIC)                    1151.042
          Bayesian (BIC)                  1206.397
          Sample-Size Adjusted BIC        1133.856
            (n* = (n + 2) / 24)

Chi-Square Test of Model Fit

          Value                             11.416
          Degrees of Freedom                    12
          P-Value                           0.4936

RMSEA (Root Mean Square Error Of Approximation)

          Estimate                           0.000
          90 Percent C.I.                    0.000  0.108
          Probability RMSEA <= .05           0.666

CFI/TLI

          CFI                                1.000
          TLI                                1.006

Chi-Square Test of Model Fit for the Baseline Model

          Value                            193.664
          Degrees of Freedom                    21
          P-Value                           0.0000

SRMR (Standardized Root Mean Square Residual)

          Value                              0.038



MODEL RESULTS

                                                    Two-Tailed
                    Estimate       S.E.  Est./S.E.    P-Value

 STR      BY
    D4                 1.000      0.000    999.000    999.000
    D5                -1.035      0.161     -6.407      0.000
    D9                -1.618      0.269     -6.013      0.000

 WMC      BY
    SPAN1              1.000      0.000    999.000    999.000
    SPAN2              0.994      0.326      3.052      0.002
    SPAN3              1.530      1.274      1.201      0.230

 STR      ON
    WMC                0.001      0.002      0.348      0.728

 D_SCORE  ON
    STR               21.435      6.513      3.291      0.001
    WMC                0.196      0.090      2.174      0.030

 Intercepts
    D_SCORE            5.280      0.229     23.024      0.000
    D4                 0.786      0.005    153.072      0.000
    D5                 0.186      0.005     38.821      0.000
    D9                 0.286      0.009     31.229      0.000
    SPAN1             46.657      0.767     60.862      0.000
    SPAN2             25.821      0.674     38.291      0.000
    SPAN3             47.876      0.869     55.074      0.000

 Variances
    WMC               13.892      5.389      2.578      0.010

 Residual Variances
    D_SCORE            2.926      0.544      5.383      0.000
    D4                 0.001      0.000      3.264      0.001
    D5                 0.000      0.000      1.668      0.095
    D9                 0.003      0.001      5.620      0.000
    SPAN1             35.614      7.604      4.684      0.000
    SPAN2             22.394      7.559      2.963      0.003
    SPAN3             29.724     23.665      1.256      0.209
    STR                0.002      0.000      4.099      0.000


STANDARDIZED MODEL RESULTS


STDYX Standardization

                                                    Two-Tailed
                    Estimate       S.E.  Est./S.E.    P-Value

 STR      BY
    D4                 0.825      0.062     13.235      0.000
    D5                -0.917      0.049    -18.628      0.000
    D9                -0.742      0.062    -11.885      0.000

 WMC      BY
    SPAN1              0.530      0.100      5.278      0.000
    SPAN2              0.617      0.139      4.423      0.000
    SPAN3              0.723      0.167      4.326      0.000

 STR      ON
    WMC                0.066      0.162      0.405      0.686

 D_SCORE  ON
    STR                0.408      0.098      4.169      0.000
    WMC                0.355      0.136      2.610      0.009

 Intercepts
    D_SCORE            2.561      0.266      9.629      0.000
    D4                16.498      1.510     10.926      0.000
    D5                 4.205      0.308     13.647      0.000
    D9                 3.337      0.262     12.738      0.000
    SPAN1              6.631      0.619     10.710      0.000
    SPAN2              4.296      0.412     10.418      0.000
    SPAN3              6.068      0.490     12.372      0.000

 Variances
    WMC                1.000      0.000  *********      0.000

 Residual Variances
    D_SCORE            0.688      0.093      7.362      0.000
    D4                 0.320      0.101      3.182      0.001
    D5                 0.159      0.090      1.762      0.078
    D9                 0.450      0.091      4.941      0.000
    SPAN1              0.719      0.101      7.098      0.000
    SPAN2              0.620      0.166      3.732      0.000
    SPAN3              0.477      0.434      1.100      0.271
    STR                0.996      0.041     24.291      0.000


STDY Standardization

                                                    Two-Tailed
                    Estimate       S.E.  Est./S.E.    P-Value

 STR      BY
    D4                 0.825      0.062     13.235      0.000
    D5                -0.917      0.049    -18.628      0.000
    D9                -0.742      0.062    -11.885      0.000

 WMC      BY
    SPAN1              0.530      0.100      5.278      0.000
    SPAN2              0.617      0.139      4.423      0.000
    SPAN3              0.723      0.167      4.326      0.000

 STR      ON
    WMC                0.066      0.162      0.405      0.686

 D_SCORE  ON
    STR                0.408      0.098      4.169      0.000
    WMC                0.355      0.136      2.610      0.009

 Intercepts
    D_SCORE            2.561      0.266      9.629      0.000
    D4                16.498      1.510     10.926      0.000
    D5                 4.205      0.308     13.647      0.000
    D9                 3.337      0.262     12.738      0.000
    SPAN1              6.631      0.619     10.710      0.000
    SPAN2              4.296      0.412     10.418      0.000
    SPAN3              6.068      0.490     12.372      0.000

 Variances
    WMC                1.000      0.000  *********      0.000

 Residual Variances
    D_SCORE            0.688      0.093      7.362      0.000
    D4                 0.320      0.101      3.182      0.001
    D5                 0.159      0.082      1.947      0.052
    D9                 0.450      0.091      4.941      0.000
    SPAN1              0.719      0.101      7.098      0.000
    SPAN2              0.620      0.163      3.801      0.000
    SPAN3              0.477      0.142      3.365      0.001
    STR                0.996      0.041     24.291      0.000


STD Standardization

                                                    Two-Tailed
                    Estimate       S.E.  Est./S.E.    P-Value

 STR      BY
    D4                 0.039      0.005      7.876      0.000
    D5                -0.041      0.004    -11.102      0.000
    D9                -0.064      0.010     -6.691      0.000

 WMC      BY
    SPAN1              3.727      0.757      4.922      0.000
    SPAN2              3.706      0.850      4.358      0.000
    SPAN3              5.703      1.326      4.301      0.000

 STR      ON
    WMC                0.066      0.162      0.405      0.686

 D_SCORE  ON
    STR                0.842      0.219      3.840      0.000
    WMC                0.731      0.281      2.606      0.009

 Intercepts
    D_SCORE            5.280      0.229     23.024      0.000
    D4                 0.786      0.005    153.072      0.000
    D5                 0.186      0.005     38.821      0.000
    D9                 0.286      0.009     31.229      0.000
    SPAN1             46.657      0.767     60.862      0.000
    SPAN2             25.821      0.674     38.291      0.000
    SPAN3             47.876      0.869     55.074      0.000

 Variances
    WMC                1.000      0.000  *********      0.000

 Residual Variances
    D_SCORE            2.926      0.544      5.383      0.000
    D4                 0.001      0.000      3.264      0.001
    D5                 0.000      0.000      1.812      0.070
    D9                 0.003      0.001      5.620      0.000
    SPAN1             35.614      7.604      4.684      0.000
    SPAN2             22.394      7.484      2.992      0.003
    SPAN3             29.724      9.259      3.210      0.001
    STR                0.996      0.041     24.291      0.000


R-SQUARE

    Observed                                        Two-Tailed
    Variable        Estimate       S.E.  Est./S.E.    P-Value

    D_SCORE            0.312      0.093      3.334      0.001
    D4                 0.680      0.101      6.760      0.000
    D5                 0.841      0.090      9.329      0.000
    D9                 0.550      0.091      6.044      0.000
    SPAN1              0.281      0.101      2.769      0.006
    SPAN2              0.380      0.166      2.289      0.022
    SPAN3              0.523      0.434      1.204      0.229

     Latent                                         Two-Tailed
    Variable        Estimate       S.E.  Est./S.E.    P-Value

    STR                0.004      0.041      0.105      0.917


TOTAL, TOTAL INDIRECT, SPECIFIC INDIRECT, AND DIRECT EFFECTS


                                                    Two-Tailed
                    Estimate       S.E.  Est./S.E.    P-Value

Effects from WMC to D_SCORE

  Indirect             0.015      0.045      0.327      0.743


STANDARDIZED TOTAL, TOTAL INDIRECT, SPECIFIC INDIRECT, AND DIRECT EFFECTS


STDYX Standardization

                                                    Two-Tailed
                    Estimate       S.E.  Est./S.E.    P-Value

Effects from WMC to D_SCORE

  Indirect             0.027      0.067      0.397      0.691


STDY Standardization

                                                    Two-Tailed
                    Estimate       S.E.  Est./S.E.    P-Value

Effects from WMC to D_SCORE

  Indirect             0.027      0.067      0.397      0.691


STD Standardization

                                                    Two-Tailed
                    Estimate       S.E.  Est./S.E.    P-Value

Effects from WMC to D_SCORE

  Indirect             0.055      0.140      0.395      0.693



CONFIDENCE INTERVALS OF MODEL RESULTS

                  Lower .5%  Lower 2.5%    Lower 5%    Estimate    Upper 5%  Upper 2.5%   Upper .5%

 STR      BY
    D4               1.000       1.000       1.000       1.000       1.000       1.000       1.000
    D5              -1.630      -1.465      -1.368      -1.035      -0.846      -0.821      -0.729
    D9              -2.584      -2.204      -2.094      -1.618      -1.233      -1.174      -1.109

 WMC      BY
    SPAN1            1.000       1.000       1.000       1.000       1.000       1.000       1.000
    SPAN2            0.429       0.560       0.610       0.994       1.555       1.754       2.465
    SPAN3            0.796       0.942       1.034       1.530       2.862       3.719       9.421

 STR      ON
    WMC             -0.005      -0.003      -0.002       0.001       0.004       0.005       0.007

 D_SCORE  ON
    STR              6.888       9.712      11.677      21.435      32.528      35.085      43.069
    WMC             -0.068       0.048       0.076       0.196       0.366       0.410       0.487

 Intercepts
    D_SCORE          4.646       4.829       4.902       5.280       5.646       5.732       5.890
    D4               0.772       0.776       0.778       0.786       0.794       0.796       0.800
    D5               0.175       0.178       0.179       0.186       0.195       0.197       0.198
    D9               0.262       0.268       0.271       0.286       0.301       0.304       0.309
    SPAN1           44.655      45.098      45.335      46.657      47.850      48.149      48.693
    SPAN2           24.024      24.455      24.675      25.821      26.906      27.122      27.476
    SPAN3           45.670      46.132      46.402      47.876      49.290      49.522      50.022

 Variances
    WMC              1.373       3.957       5.458      13.892      22.944      25.094      28.748

 Residual Variances
    D_SCORE          1.420       1.770       1.909       2.926       3.705       3.873       4.264
    D4               0.000       0.000       0.000       0.001       0.001       0.001       0.001
    D5               0.000       0.000       0.000       0.000       0.001       0.001       0.001
    D9               0.002       0.002       0.002       0.003       0.004       0.004       0.005
    SPAN1           17.039      20.799      22.799      35.614      47.894      50.716      55.725
    SPAN2            4.245       8.945      10.756      22.394      35.303      37.562      43.011
    SPAN3          -86.950      -6.561       6.605      29.724      42.837      46.315      51.045
    STR              0.001       0.001       0.001       0.002       0.002       0.002       0.003


CONFIDENCE INTERVALS OF STANDARDIZED MODEL RESULTS


STDYX Standardization

                  Lower .5%  Lower 2.5%    Lower 5%    Estimate    Upper 5%  Upper 2.5%   Upper .5%

 STR      BY
    D4               0.631       0.682       0.709       0.825       0.912       0.932       0.950
    D5              -1.039      -1.011      -0.996      -0.917      -0.834      -0.813      -0.782
    D9              -0.872      -0.850      -0.835      -0.742      -0.624      -0.603      -0.564

 WMC      BY
    SPAN1            0.165       0.303       0.345       0.530       0.676       0.707       0.755
    SPAN2            0.174       0.323       0.379       0.617       0.808       0.849       0.926
    SPAN3            0.475       0.533       0.572       0.723       0.943       1.053       1.599

 STR      ON
    WMC             -0.403      -0.287      -0.209       0.066       0.325       0.369       0.451

 D_SCORE  ON
    STR              0.130       0.199       0.230       0.408       0.553       0.572       0.619
    WMC             -0.058       0.067       0.134       0.355       0.574       0.607       0.694

 Intercepts
    D_SCORE          1.994       2.169       2.221       2.561       3.084       3.179       3.480
    D4              13.629      14.207      14.542      16.498      19.472      20.024      21.727
    D5               3.526       3.705       3.768       4.205       4.771       4.884       5.125
    D9               2.853       2.936       2.986       3.337       3.859       3.945       4.164
    SPAN1            5.327       5.661       5.805       6.631       7.866       8.000       8.493
    SPAN2            3.439       3.593       3.702       4.296       5.120       5.264       5.485
    SPAN3            5.071       5.290       5.360       6.068       7.005       7.161       7.494

 Variances
    WMC              1.000       1.000       1.000       1.000       1.000       1.000       1.000

 Residual Variances
    D_SCORE          0.379       0.469       0.511       0.688       0.814       0.839       0.874
    D4               0.095       0.131       0.166       0.320       0.497       0.534       0.599
    D5              -0.079      -0.021       0.008       0.159       0.304       0.339       0.389
    D9               0.239       0.277       0.302       0.450       0.611       0.636       0.682
    SPAN1            0.423       0.497       0.542       0.719       0.881       0.904       0.960
    SPAN2            0.132       0.272       0.342       0.620       0.855       0.894       0.968
    SPAN3           -1.861      -0.111       0.108       0.477       0.672       0.712       0.769
    STR              0.771       0.853       0.886       0.996       1.000       1.000       1.000


STDY Standardization

                  Lower .5%  Lower 2.5%    Lower 5%    Estimate    Upper 5%  Upper 2.5%   Upper .5%

 STR      BY
    D4               0.631       0.682       0.709       0.825       0.912       0.932       0.950
    D5              -1.039      -1.011      -0.996      -0.917      -0.834      -0.813      -0.782
    D9              -0.872      -0.850      -0.835      -0.742      -0.624      -0.603      -0.564

 WMC      BY
    SPAN1            0.165       0.303       0.345       0.530       0.676       0.707       0.755
    SPAN2            0.174       0.323       0.379       0.617       0.808       0.849       0.926
    SPAN3            0.475       0.533       0.572       0.723       0.943       1.053       1.599

 STR      ON
    WMC             -0.403      -0.287      -0.209       0.066       0.325       0.369       0.451

 D_SCORE  ON
    STR              0.130       0.199       0.230       0.408       0.553       0.572       0.619
    WMC             -0.058       0.067       0.134       0.355       0.574       0.607       0.694

 Intercepts
    D_SCORE          1.994       2.169       2.221       2.561       3.084       3.179       3.480
    D4              13.629      14.207      14.542      16.498      19.472      20.024      21.727
    D5               3.526       3.705       3.768       4.205       4.771       4.884       5.125
    D9               2.853       2.936       2.986       3.337       3.859       3.945       4.164
    SPAN1            5.327       5.661       5.805       6.631       7.866       8.000       8.493
    SPAN2            3.439       3.593       3.702       4.296       5.120       5.264       5.485
    SPAN3            5.071       5.290       5.360       6.068       7.005       7.161       7.494

 Variances
    WMC              1.000       1.000       1.000       1.000       1.000       1.000       1.000

 Residual Variances
    D_SCORE          0.379       0.469       0.511       0.688       0.814       0.839       0.874
    D4               0.095       0.131       0.166       0.320       0.497       0.534       0.599
    D5               0.007       0.021       0.035       0.159       0.306       0.341       0.389
    D9               0.239       0.277       0.302       0.450       0.611       0.636       0.682
    SPAN1            0.423       0.497       0.542       0.719       0.881       0.904       0.960
    SPAN2            0.142       0.279       0.347       0.620       0.855       0.894       0.968
    SPAN3            0.020       0.134       0.199       0.477       0.673       0.716       0.769
    STR              0.771       0.853       0.886       0.996       1.000       1.000       1.000


STD Standardization

                  Lower .5%  Lower 2.5%    Lower 5%    Estimate    Upper 5%  Upper 2.5%   Upper .5%

 STR      BY
    D4               0.025       0.029       0.030       0.039       0.046       0.048       0.051
    D5              -0.050      -0.048      -0.047      -0.041      -0.035      -0.033      -0.032
    D9              -0.086      -0.082      -0.079      -0.064      -0.047      -0.045      -0.039

 WMC      BY
    SPAN1            1.172       1.989       2.336       3.727       4.790       5.009       5.362
    SPAN2            1.046       1.890       2.233       3.706       4.963       5.162       5.802
    SPAN3            3.319       4.018       4.300       5.703       7.619       8.463      11.936

 STR      ON
    WMC             -0.403      -0.287      -0.209       0.066       0.325       0.369       0.451

 D_SCORE  ON
    STR              0.262       0.396       0.451       0.842       1.179       1.229       1.356
    WMC             -0.121       0.139       0.275       0.731       1.163       1.276       1.424

 Intercepts
    D_SCORE          4.646       4.829       4.902       5.280       5.646       5.732       5.890
    D4               0.772       0.776       0.778       0.786       0.794       0.796       0.800
    D5               0.175       0.178       0.179       0.186       0.195       0.197       0.198
    D9               0.262       0.268       0.271       0.286       0.301       0.304       0.309
    SPAN1           44.655      45.098      45.335      46.657      47.850      48.149      48.693
    SPAN2           24.024      24.455      24.675      25.821      26.906      27.122      27.476
    SPAN3           45.670      46.132      46.402      47.876      49.290      49.522      50.022

 Variances
    WMC              1.000       1.000       1.000       1.000       1.000       1.000       1.000

 Residual Variances
    D_SCORE          1.420       1.770       1.909       2.926       3.705       3.873       4.264
    D4               0.000       0.000       0.000       0.001       0.001       0.001       0.001
    D5               0.000       0.000       0.000       0.000       0.001       0.001       0.001
    D9               0.002       0.002       0.002       0.003       0.004       0.004       0.005
    SPAN1           17.039      20.799      22.799      35.614      47.894      50.716      55.725
    SPAN2            4.787       9.153      10.843      22.394      35.303      37.562      43.011
    SPAN3            1.313       7.897      11.906      29.724      43.018      46.490      51.045
    STR              0.771       0.853       0.886       0.996       1.000       1.000       1.000


CONFIDENCE INTERVALS OF TOTAL, TOTAL INDIRECT, SPECIFIC INDIRECT, AND DIRECT EFFECTS


                  Lower .5%  Lower 2.5%    Lower 5%    Estimate    Upper 5%  Upper 2.5%   Upper .5%

Effects from WMC to D_SCORE

  Indirect          -0.156      -0.077      -0.056       0.015       0.085       0.105       0.142


CONFIDENCE INTERVALS OF STANDARDIZED TOTAL, TOTAL INDIRECT, SPECIFIC INDIRECT, AND DIRECT EFFECTS


STDYX Standardization

                  Lower .5%  Lower 2.5%    Lower 5%    Estimate    Upper 5%  Upper 2.5%   Upper .5%

Effects from WMC to D_SCORE

  Indirect          -0.213      -0.133      -0.091       0.027       0.123       0.150       0.172


STDY Standardization

                  Lower .5%  Lower 2.5%    Lower 5%    Estimate    Upper 5%  Upper 2.5%   Upper .5%

Effects from WMC to D_SCORE

  Indirect          -0.213      -0.133      -0.091       0.027       0.123       0.150       0.172


STD Standardization

                  Lower .5%  Lower 2.5%    Lower 5%    Estimate    Upper 5%  Upper 2.5%   Upper .5%

Effects from WMC to D_SCORE

  Indirect          -0.423      -0.279      -0.189       0.055       0.259       0.299       0.360



DIAGRAM INFORMATION

  Use View Diagram under the Diagram menu in the Mplus Editor to view the diagram.
  If running Mplus from the Mplus Diagrammer, the diagram opens automatically.

  Diagram output
    d:\data\学习\psy\【大三上】结构方程模型\作业和练习\中介效应练习\sem_demo.dgm

     Beginning Time:  17:49:21
        Ending Time:  17:49:22
       Elapsed Time:  00:00:01



MUTHEN & MUTHEN
3463 Stoner Ave.
Los Angeles, CA  90066

Tel: (310) 391-9971
Fax: (310) 391-8971
Web: www.StatModel.com
Support: Support@StatModel.com

Copyright (c) 1998-2019 Muthen & Muthen
