Mplus VERSION 8.3
MUTHEN & MUTHEN
10/28/2024   5:45 PM

INPUT INSTRUCTIONS

  TITLE: this is an example of a saturated recursive path analysis
  with continuous dependent variables

  DATA: FILE IS path.csv;

  VARIABLE: NAMES ARE ID GENDER EXERCISE ENDURAN
                         HEALTH PRESSUR MENTAL;
  USEVARIABLES ARE EXERCISE ENDURAN HEALTH PRESSUR MENTAL;

  MODEL:
       HEALTH ON EXERCISE ENDURAN;
       PRESSUR ON EXERCISE ENDURAN HEALTH;
       MENTAL ON EXERCISE ENDURAN HEALTH PRESSUR;
       EXERCISE WITH ENDURAN;

  OUTPUT: STANDARDIZED; SAMPSTAT;






INPUT READING TERMINATED NORMALLY



this is an example of a saturated recursive path analysis
with continuous dependent variables

SUMMARY OF ANALYSIS

Number of groups                                                 1
Number of observations                                         373

Number of dependent variables                                    3
Number of independent variables                                  2
Number of continuous latent variables                            0

Observed dependent variables

  Continuous
   HEALTH      PRESSUR     MENTAL

Observed independent variables
   EXERCISE    ENDURAN


Estimator                                                       ML
Information matrix                                        OBSERVED
Maximum number of iterations                                  1000
Convergence criterion                                    0.500D-04
Maximum number of steepest descent iterations                   20

Input data file(s)
  path.csv

Input data format  FREE


SAMPLE STATISTICS


     SAMPLE STATISTICS


           Means
              HEALTH        PRESSUR       MENTAL        EXERCISE      ENDURAN
              ________      ________      ________      ________      ________
               10.000        10.000        10.000        10.000        10.000


           Covariances
              HEALTH        PRESSUR       MENTAL        EXERCISE      ENDURAN
              ________      ________      ________      ________      ________
 HEALTH         3.989
 PRESSUR       -0.519         3.989
 MENTAL        -1.157         1.356         3.989
 EXERCISE       1.556        -0.199        -0.319         3.989
 ENDURAN        0.279        -0.918        -0.638        -0.120         3.989


           Correlations
              HEALTH        PRESSUR       MENTAL        EXERCISE      ENDURAN
              ________      ________      ________      ________      ________
 HEALTH         1.000
 PRESSUR       -0.130         1.000
 MENTAL        -0.290         0.340         1.000
 EXERCISE       0.390        -0.050        -0.080         1.000
 ENDURAN        0.070        -0.230        -0.160        -0.030         1.000


UNIVARIATE SAMPLE STATISTICS


     UNIVARIATE HIGHER-ORDER MOMENT DESCRIPTIVE STATISTICS

         Variable/         Mean/     Skewness/   Minimum/ % with                Percentiles
        Sample Size      Variance    Kurtosis    Maximum  Min/Max      20%/60%    40%/80%    Median

     HEALTH               10.000       0.026       3.880    0.27%       8.365      9.422      9.974
             373.000       3.989      -0.026      15.348    0.27%      10.482     11.639
     PRESSUR              10.000       0.141       4.805    0.27%       8.314      9.488      9.898
             373.000       3.989      -0.167      15.535    0.27%      10.495     11.649
     MENTAL               10.000      -0.091       4.621    0.27%       8.113      9.562     10.164
             373.000       3.989      -0.429      15.496    0.27%      10.617     11.603
     EXERCISE             10.000       0.114       4.426    0.27%       8.223      9.518     10.077
             373.000       3.989      -0.082      17.048    0.27%      10.522     11.590
     ENDURAN              10.000      -0.079       4.242    0.27%       8.366      9.663     10.142
             373.000       3.989       0.245      16.715    0.27%      10.609     11.528


THE MODEL ESTIMATION TERMINATED NORMALLY



MODEL FIT INFORMATION

Number of Free Parameters                       20

Loglikelihood

          H0 Value                       -3853.590
          H1 Value                       -3853.590

Information Criteria

          Akaike (AIC)                    7747.180
          Bayesian (BIC)                  7825.612
          Sample-Size Adjusted BIC        7762.158
            (n* = (n + 2) / 24)

Chi-Square Test of Model Fit

          Value                              0.000
          Degrees of Freedom                     0
          P-Value                           0.0000

RMSEA (Root Mean Square Error Of Approximation)

          Estimate                           0.000
          90 Percent C.I.                    0.000  0.000
          Probability RMSEA <= .05           0.000

CFI/TLI

          CFI                                1.000
          TLI                                1.000

Chi-Square Test of Model Fit for the Baseline Model

          Value                            165.557
          Degrees of Freedom                     9
          P-Value                           0.0000

SRMR (Standardized Root Mean Square Residual)

          Value                              0.000



MODEL RESULTS

                                                    Two-Tailed
                    Estimate       S.E.  Est./S.E.    P-Value

 HEALTH   ON
    EXERCISE           0.392      0.048      8.260      0.000
    ENDURAN            0.082      0.048      1.721      0.085

 PRESSUR  ON
    EXERCISE          -0.014      0.054     -0.261      0.794
    ENDURAN           -0.223      0.050     -4.433      0.000
    HEALTH            -0.109      0.055     -1.995      0.046

 MENTAL   ON
    EXERCISE           0.034      0.051      0.663      0.507
    ENDURAN           -0.074      0.048     -1.533      0.125
    HEALTH            -0.260      0.051     -5.071      0.000
    PRESSUR            0.291      0.048      6.005      0.000

 EXERCISE WITH
    ENDURAN           -0.120      0.207     -0.579      0.562

 Means
    EXERCISE          10.000      0.103     96.696      0.000
    ENDURAN           10.000      0.103     96.696      0.000

 Intercepts
    HEALTH             5.258      0.688      7.637      0.000
    PRESSUR           13.459      0.780     17.254      0.000
    MENTAL            10.095      0.978     10.320      0.000

 Variances
    EXERCISE           3.989      0.292     13.657      0.000
    ENDURAN            3.989      0.292     13.657      0.000

 Residual Variances
    HEALTH             3.356      0.246     13.656      0.000
    PRESSUR            3.726      0.273     13.656      0.000
    MENTAL             3.258      0.239     13.656      0.000


STANDARDIZED MODEL RESULTS


STDYX Standardization

                                                    Two-Tailed
                    Estimate       S.E.  Est./S.E.    P-Value

 HEALTH   ON
    EXERCISE           0.392      0.044      8.973      0.000
    ENDURAN            0.082      0.047      1.726      0.084

 PRESSUR  ON
    EXERCISE          -0.014      0.054     -0.261      0.794
    ENDURAN           -0.223      0.049     -4.545      0.000
    HEALTH            -0.109      0.054     -2.005      0.045

 MENTAL   ON
    EXERCISE           0.034      0.051      0.663      0.507
    ENDURAN           -0.074      0.048     -1.536      0.125
    HEALTH            -0.260      0.050     -5.202      0.000
    PRESSUR            0.291      0.047      6.235      0.000

 EXERCISE WITH
    ENDURAN           -0.030      0.052     -0.580      0.562

 Means
    EXERCISE           5.007      0.190     26.285      0.000
    ENDURAN            5.007      0.190     26.285      0.000

 Intercepts
    HEALTH             2.632      0.395      6.659      0.000
    PRESSUR            6.738      0.394     17.118      0.000
    MENTAL             5.054      0.523      9.673      0.000

 Variances
    EXERCISE           1.000      0.000    999.000    999.000
    ENDURAN            1.000      0.000    999.000    999.000

 Residual Variances
    HEALTH             0.841      0.035     24.234      0.000
    PRESSUR            0.934      0.025     37.558      0.000
    MENTAL             0.817      0.036     22.551      0.000


STDY Standardization

                                                    Two-Tailed
                    Estimate       S.E.  Est./S.E.    P-Value

 HEALTH   ON
    EXERCISE           0.392      0.044      8.973      0.000
    ENDURAN            0.082      0.047      1.726      0.084

 PRESSUR  ON
    EXERCISE          -0.014      0.054     -0.261      0.794
    ENDURAN           -0.223      0.049     -4.545      0.000
    HEALTH            -0.109      0.054     -2.005      0.045

 MENTAL   ON
    EXERCISE           0.034      0.051      0.663      0.507
    ENDURAN           -0.074      0.048     -1.536      0.125
    HEALTH            -0.260      0.050     -5.202      0.000
    PRESSUR            0.291      0.047      6.235      0.000

 EXERCISE WITH
    ENDURAN           -0.030      0.052     -0.580      0.562

 Means
    EXERCISE           5.007      0.190     26.285      0.000
    ENDURAN            5.007      0.190     26.285      0.000

 Intercepts
    HEALTH             2.632      0.395      6.659      0.000
    PRESSUR            6.738      0.394     17.118      0.000
    MENTAL             5.054      0.523      9.673      0.000

 Variances
    EXERCISE           1.000      0.000    999.000    999.000
    ENDURAN            1.000      0.000    999.000    999.000

 Residual Variances
    HEALTH             0.841      0.035     24.234      0.000
    PRESSUR            0.934      0.025     37.558      0.000
    MENTAL             0.817      0.036     22.551      0.000


STD Standardization

                                                    Two-Tailed
                    Estimate       S.E.  Est./S.E.    P-Value

 HEALTH   ON
    EXERCISE           0.392      0.048      8.260      0.000
    ENDURAN            0.082      0.048      1.721      0.085

 PRESSUR  ON
    EXERCISE          -0.014      0.054     -0.261      0.794
    ENDURAN           -0.223      0.050     -4.433      0.000
    HEALTH            -0.109      0.055     -1.995      0.046

 MENTAL   ON
    EXERCISE           0.034      0.051      0.663      0.507
    ENDURAN           -0.074      0.048     -1.533      0.125
    HEALTH            -0.260      0.051     -5.071      0.000
    PRESSUR            0.291      0.048      6.005      0.000

 EXERCISE WITH
    ENDURAN           -0.120      0.207     -0.579      0.562

 Means
    EXERCISE          10.000      0.103     96.696      0.000
    ENDURAN           10.000      0.103     96.696      0.000

 Intercepts
    HEALTH             5.258      0.688      7.637      0.000
    PRESSUR           13.459      0.780     17.254      0.000
    MENTAL            10.095      0.978     10.320      0.000

 Variances
    EXERCISE           3.989      0.292     13.657      0.000
    ENDURAN            3.989      0.292     13.657      0.000

 Residual Variances
    HEALTH             3.356      0.246     13.656      0.000
    PRESSUR            3.726      0.273     13.656      0.000
    MENTAL             3.258      0.239     13.656      0.000


R-SQUARE

    Observed                                        Two-Tailed
    Variable        Estimate       S.E.  Est./S.E.    P-Value

    HEALTH             0.159      0.035      4.574      0.000
    PRESSUR            0.066      0.025      2.659      0.008
    MENTAL             0.183      0.036      5.063      0.000


QUALITY OF NUMERICAL RESULTS

     Condition Number for the Information Matrix              0.287E-03
       (ratio of smallest to largest eigenvalue)


DIAGRAM INFORMATION

  Use View Diagram under the Diagram menu in the Mplus Editor to view the diagram.
  If running Mplus from the Mplus Diagrammer, the diagram opens automatically.

  Diagram output
    d:\data\学习\psy\【大三上】结构方程模型\作业和练习\path model练习\path1.dgm

     Beginning Time:  17:45:37
        Ending Time:  17:45:37
       Elapsed Time:  00:00:00



MUTHEN & MUTHEN
3463 Stoner Ave.
Los Angeles, CA  90066

Tel: (310) 391-9971
Fax: (310) 391-8971
Web: www.StatModel.com
Support: Support@StatModel.com

Copyright (c) 1998-2019 Muthen & Muthen
